1503475083.883822 client started (1435): version 2.5, socket /tmp/tmux-1000/default, protocol 8
1503475083.883870 on Linux 4.12.8-2-ARCH #1 SMP PREEMPT Fri Aug 18 14:08:02 UTC 2017; libevent 2.1.8-stable (poll)
1503475083.883911 socket is /tmp/tmux-1000/default
1503475083.883929 trying connect
1503475083.883953 connect failed: Connection refused
1503475083.883970 lock file is /tmp/tmux-1000/default.lock
1503475083.883994 flock succeeded
1503475083.884001 got lock (6)
1503475083.884010 trying connect
1503475083.884023 connect failed: Connection refused
1503475083.884249 add peer 0x2110660: 7 ((nil))
1503475083.884375 sending message 100 to peer 0x2110660 (4 bytes)
1503475083.884393 sending message 101 to peer 0x2110660 (22 bytes)
1503475083.884403 sending message 102 to peer 0x2110660 (11 bytes)
1503475083.884411 sending message 108 to peer 0x2110660 (36 bytes)
1503475083.884421 sending message 104 to peer 0x2110660 (0 bytes)
1503475083.884430 sending message 107 to peer 0x2110660 (4 bytes)
1503475083.884438 sending message 105 to peer 0x2110660 (26 bytes)
1503475083.884446 sending message 105 to peer 0x2110660 (20 bytes)
1503475083.884454 sending message 105 to peer 0x2110660 (23 bytes)
1503475083.884461 sending message 105 to peer 0x2110660 (17 bytes)
1503475083.884469 sending message 105 to peer 0x2110660 (21 bytes)
1503475083.884477 sending message 105 to peer 0x2110660 (11 bytes)
1503475083.884485 sending message 105 to peer 0x2110660 (15 bytes)
1503475083.884493 sending message 105 to peer 0x2110660 (11 bytes)
1503475083.884500 sending message 105 to peer 0x2110660 (18 bytes)
1503475083.884508 sending message 105 to peer 0x2110660 (11 bytes)
1503475083.884516 sending message 105 to peer 0x2110660 (22 bytes)
1503475083.884523 sending message 105 to peer 0x2110660 (40 bytes)
1503475083.884544 sending message 105 to peer 0x2110660 (17 bytes)
1503475083.884553 sending message 105 to peer 0x2110660 (23 bytes)
1503475083.884562 sending message 105 to peer 0x2110660 (21 bytes)
1503475083.884570 sending message 105 to peer 0x2110660 (26 bytes)
1503475083.884577 sending message 105 to peer 0x2110660 (22 bytes)
1503475083.884585 sending message 105 to peer 0x2110660 (27 bytes)
1503475083.884593 sending message 105 to peer 0x2110660 (13 bytes)
1503475083.884600 sending message 105 to peer 0x2110660 (15 bytes)
1503475083.884608 sending message 105 to peer 0x2110660 (26 bytes)
1503475083.884615 sending message 105 to peer 0x2110660 (15 bytes)
1503475083.884623 sending message 105 to peer 0x2110660 (8 bytes)
1503475083.884630 sending message 105 to peer 0x2110660 (17 bytes)
1503475083.884637 sending message 105 to peer 0x2110660 (14 bytes)
1503475083.884645 sending message 105 to peer 0x2110660 (54 bytes)
1503475083.884652 sending message 105 to peer 0x2110660 (31 bytes)
1503475083.884659 sending message 105 to peer 0x2110660 (41 bytes)
1503475083.884667 sending message 105 to peer 0x2110660 (230 bytes)
1503475083.884678 sending message 105 to peer 0x2110660 (19 bytes)
1503475083.884686 sending message 105 to peer 0x2110660 (44 bytes)
1503475083.884694 sending message 105 to peer 0x2110660 (23 bytes)
1503475083.884701 sending message 105 to peer 0x2110660 (84 bytes)
1503475083.884708 sending message 105 to peer 0x2110660 (47 bytes)
1503475083.884716 sending message 105 to peer 0x2110660 (64 bytes)
1503475083.884723 sending message 105 to peer 0x2110660 (36 bytes)
1503475083.884730 sending message 105 to peer 0x2110660 (24 bytes)
1503475083.884737 sending message 105 to peer 0x2110660 (33 bytes)
1503475083.884745 sending message 105 to peer 0x2110660 (18 bytes)
1503475083.884752 sending message 105 to peer 0x2110660 (15 bytes)
1503475083.884759 sending message 105 to peer 0x2110660 (15 bytes)
1503475083.884766 sending message 105 to peer 0x2110660 (27 bytes)
1503475083.884773 sending message 105 to peer 0x2110660 (38 bytes)
1503475083.884780 sending message 105 to peer 0x2110660 (11 bytes)
1503475083.884787 sending message 105 to peer 0x2110660 (37 bytes)
1503475083.884794 sending message 105 to peer 0x2110660 (30 bytes)
1503475083.884801 sending message 105 to peer 0x2110660 (48 bytes)
1503475083.884823 sending message 105 to peer 0x2110660 (10 bytes)
1503475083.884832 sending message 105 to peer 0x2110660 (1435 bytes)
1503475083.884856 sending message 105 to peer 0x2110660 (17 bytes)
1503475083.884864 sending message 105 to peer 0x2110660 (21 bytes)
1503475083.884871 sending message 105 to peer 0x2110660 (46 bytes)
1503475083.884879 sending message 105 to peer 0x2110660 (47 bytes)
1503475083.884886 sending message 105 to peer 0x2110660 (21 bytes)
1503475083.884893 sending message 105 to peer 0x2110660 (46 bytes)
1503475083.884901 sending message 105 to peer 0x2110660 (33 bytes)
1503475083.884908 sending message 105 to peer 0x2110660 (41 bytes)
1503475083.884915 sending message 105 to peer 0x2110660 (37 bytes)
1503475083.884922 sending message 105 to peer 0x2110660 (21 bytes)
1503475083.884930 sending message 105 to peer 0x2110660 (42 bytes)
1503475083.884937 sending message 105 to peer 0x2110660 (38 bytes)
1503475083.884944 sending message 105 to peer 0x2110660 (35 bytes)
1503475083.884951 sending message 105 to peer 0x2110660 (65 bytes)
1503475083.884959 sending message 105 to peer 0x2110660 (25 bytes)
1503475083.884966 sending message 105 to peer 0x2110660 (52 bytes)
1503475083.884973 sending message 105 to peer 0x2110660 (63 bytes)
1503475083.884981 sending message 105 to peer 0x2110660 (19 bytes)
1503475083.884988 sending message 105 to peer 0x2110660 (33 bytes)
1503475083.884995 sending message 105 to peer 0x2110660 (22 bytes)
1503475083.885002 sending message 105 to peer 0x2110660 (25 bytes)
1503475083.885010 sending message 105 to peer 0x2110660 (23 bytes)
1503475083.885017 sending message 105 to peer 0x2110660 (19 bytes)
1503475083.885024 sending message 105 to peer 0x2110660 (21 bytes)
1503475083.885031 sending message 105 to peer 0x2110660 (28 bytes)
1503475083.885038 sending message 105 to peer 0x2110660 (26 bytes)
1503475083.885045 sending message 105 to peer 0x2110660 (54 bytes)
1503475083.885052 sending message 105 to peer 0x2110660 (19 bytes)
1503475083.885059 sending message 105 to peer 0x2110660 (77 bytes)
1503475083.885066 sending message 105 to peer 0x2110660 (52 bytes)
1503475083.885073 sending message 105 to peer 0x2110660 (69 bytes)
1503475083.885080 sending message 105 to peer 0x2110660 (19 bytes)
1503475083.885088 sending message 105 to peer 0x2110660 (32 bytes)
1503475083.885095 sending message 105 to peer 0x2110660 (797 bytes)
1503475083.885103 sending message 105 to peer 0x2110660 (101 bytes)
1503475083.885110 sending message 105 to peer 0x2110660 (40 bytes)
1503475083.885117 sending message 105 to peer 0x2110660 (16 bytes)
1503475083.885125 sending message 105 to peer 0x2110660 (16 bytes)
1503475083.885132 sending message 106 to peer 0x2110660 (0 bytes)
1503475083.885140 sending message 200 to peer 0x2110660 (4 bytes)
1503475083.885146 client loop enter
1503475085.210803 peer 0x2110660 message 207
1503475085.210818 sending message 208 to peer 0x2110660 (0 bytes)
1503475093.578081 peer 0x2110660 message 203
1503475093.578098 sending message 205 to peer 0x2110660 (0 bytes)
1503475093.578418 peer 0x2110660 message 204
1503475093.578432 client loop exit
